2017-10-17 11:31:13,703 [Worker-10] INFO  o.e.m.c.i.l.LifecycleMappingFactory - Using org.eclipse.m2e.jdt.JarLifecycleMapping lifecycle mapping for MavenProject: NGameSvr:NGameSvr:0.0.1-SNAPSHOT @ E:\xiangtoneWork\NGameSvr\NGameSvr\pom.xml.
2017-10-17 11:31:16,396 [Worker-4] WARN  o.e.m.c.i.embedder.EclipseLogger - Using platform encoding (GBK actually) to copy filtered resources, i.e. build is platform dependent!
2017-10-17 11:31:16,400 [Worker-4] INFO  o.e.m.c.i.embedder.EclipseLogger - skip non existing resourceDirectory E:\xiangtoneWork\NGameSvr\NGameSvr\src\main\resources
2017-10-17 11:31:16,403 [Worker-4] WARN  o.e.m.c.i.embedder.EclipseLogger - Using platform encoding (GBK actually) to copy filtered resources, i.e. build is platform dependent!
2017-10-17 11:31:16,404 [Worker-4] INFO  o.e.m.c.i.embedder.EclipseLogger - skip non existing resourceDirectory E:\xiangtoneWork\NGameSvr\NGameSvr\src\test\resources
2017-10-17 11:31:16,426 [Worker-10] INFO  o.e.m.j.i.AbstractJavaProjectConfigurator - Adding source folder /NGameSvr/src
2017-10-17 11:31:16,426 [Worker-10] INFO  o.e.m.j.i.AbstractJavaProjectConfigurator - Not adding source folder /NGameSvr/src/test/java because it overlaps with /NGameSvr/src
2017-10-17 11:31:16,572 [Worker-10] INFO  o.e.m.c.i.p.ProjectConfigurationManager - Update started
2017-10-17 11:31:17,478 [Worker-10] INFO  o.e.m.c.i.l.LifecycleMappingFactory - Using org.eclipse.m2e.jdt.JarLifecycleMapping lifecycle mapping for MavenProject: NGameSvr:NGameSvr:0.0.1-SNAPSHOT @ E:\xiangtoneWork\NGameSvr\NGameSvr\pom.xml.
2017-10-17 11:31:17,954 [Worker-2] WARN  o.e.m.c.i.embedder.EclipseLogger - Using platform encoding (GBK actually) to copy filtered resources, i.e. build is platform dependent!
2017-10-17 11:31:17,955 [Worker-2] INFO  o.e.m.c.i.embedder.EclipseLogger - skip non existing resourceDirectory E:\xiangtoneWork\NGameSvr\NGameSvr\src\main\resources
2017-10-17 11:31:17,957 [Worker-2] WARN  o.e.m.c.i.embedder.EclipseLogger - Using platform encoding (GBK actually) to copy filtered resources, i.e. build is platform dependent!
2017-10-17 11:31:17,958 [Worker-2] INFO  o.e.m.c.i.embedder.EclipseLogger - skip non existing resourceDirectory E:\xiangtoneWork\NGameSvr\NGameSvr\src\test\resources
2017-10-17 11:31:18,399 [Worker-10] INFO  o.e.m.j.i.AbstractJavaProjectConfigurator - Adding source folder /NGameSvr/src
2017-10-17 11:31:18,400 [Worker-10] INFO  o.e.m.j.i.AbstractJavaProjectConfigurator - Not adding source folder /NGameSvr/src/test/java because it overlaps with /NGameSvr/src
2017-10-17 11:31:18,487 [Worker-10] INFO  o.e.m.c.i.p.ProjectConfigurationManager - Update completed: 1 sec
2017-10-17 11:31:19,420 [Worker-4] WARN  o.e.m.c.i.embedder.EclipseLogger - Using platform encoding (GBK actually) to copy filtered resources, i.e. build is platform dependent!
2017-10-17 11:31:19,423 [Worker-4] INFO  o.e.m.c.i.embedder.EclipseLogger - skip non existing resourceDirectory E:\xiangtoneWork\NGameSvr\NGameSvr\src\main\resources
2017-10-17 11:31:19,425 [Worker-4] WARN  o.e.m.c.i.embedder.EclipseLogger - Using platform encoding (GBK actually) to copy filtered resources, i.e. build is platform dependent!
2017-10-17 11:31:19,428 [Worker-4] INFO  o.e.m.c.i.embedder.EclipseLogger - skip non existing resourceDirectory E:\xiangtoneWork\NGameSvr\NGameSvr\src\test\resources
2017-10-17 11:54:45,285 [Worker-17] INFO  o.e.m.c.i.l.LifecycleMappingFactory - Using org.eclipse.m2e.jdt.JarLifecycleMapping lifecycle mapping for MavenProject: NGameSvr:NGameSvr:0.0.1-SNAPSHOT @ E:\xiangtoneWork\NGameSvr\NGameSvr\pom.xml.
2017-10-17 11:54:45,602 [Worker-17] WARN  o.e.m.c.i.embedder.EclipseLogger - Using platform encoding (GBK actually) to copy filtered resources, i.e. build is platform dependent!
2017-10-17 11:54:45,603 [Worker-17] INFO  o.e.m.c.i.embedder.EclipseLogger - skip non existing resourceDirectory E:\xiangtoneWork\NGameSvr\NGameSvr\src\main\resources
2017-10-17 11:54:45,604 [Worker-17] WARN  o.e.m.c.i.embedder.EclipseLogger - Using platform encoding (GBK actually) to copy filtered resources, i.e. build is platform dependent!
2017-10-17 11:54:45,605 [Worker-17] INFO  o.e.m.c.i.embedder.EclipseLogger - skip non existing resourceDirectory E:\xiangtoneWork\NGameSvr\NGameSvr\src\test\resources
2017-10-17 11:55:02,418 [Worker-17] INFO  o.e.m.c.i.l.LifecycleMappingFactory - Using org.eclipse.m2e.jdt.JarLifecycleMapping lifecycle mapping for MavenProject: NGameSvr:NGameSvr:0.0.1-SNAPSHOT @ E:\xiangtoneWork\NGameSvr\NGameSvr\pom.xml.
2017-10-17 11:55:03,045 [Worker-17] INFO  o.e.m.c.i.embedder.EclipseLogger - Using 'UTF-8' encoding to copy filtered resources.
2017-10-17 11:55:03,045 [Worker-17] INFO  o.e.m.c.i.embedder.EclipseLogger - skip non existing resourceDirectory E:\xiangtoneWork\NGameSvr\NGameSvr\src\main\resources
2017-10-17 11:55:03,048 [Worker-17] INFO  o.e.m.c.i.embedder.EclipseLogger - Using 'UTF-8' encoding to copy filtered resources.
2017-10-17 11:55:03,048 [Worker-17] INFO  o.e.m.c.i.embedder.EclipseLogger - skip non existing resourceDirectory E:\xiangtoneWork\NGameSvr\NGameSvr\src\test\resources
2017-10-17 11:55:04,737 [Worker-0] INFO  o.e.m.c.i.embedder.EclipseLogger - Using 'UTF-8' encoding to copy filtered resources.
2017-10-17 11:55:04,737 [Worker-0] INFO  o.e.m.c.i.embedder.EclipseLogger - skip non existing resourceDirectory E:\xiangtoneWork\NGameSvr\NGameSvr\src\main\resources
2017-10-17 11:55:04,738 [Worker-0] INFO  o.e.m.c.i.embedder.EclipseLogger - Using 'UTF-8' encoding to copy filtered resources.
2017-10-17 11:55:04,738 [Worker-0] INFO  o.e.m.c.i.embedder.EclipseLogger - skip non existing resourceDirectory E:\xiangtoneWork\NGameSvr\NGameSvr\src\test\resources
2017-10-17 11:55:19,460 [Worker-0] INFO  o.e.m.c.i.l.LifecycleMappingFactory - Using org.eclipse.m2e.jdt.JarLifecycleMapping lifecycle mapping for MavenProject: NGameSvr:NGameSvr:0.0.1-SNAPSHOT @ E:\xiangtoneWork\NGameSvr\NGameSvr\pom.xml.
2017-10-17 11:55:20,082 [Worker-0] INFO  o.e.m.c.i.embedder.EclipseLogger - Using 'UTF-8' encoding to copy filtered resources.
2017-10-17 11:55:20,082 [Worker-0] INFO  o.e.m.c.i.embedder.EclipseLogger - skip non existing resourceDirectory E:\xiangtoneWork\NGameSvr\NGameSvr\src\main\resources
2017-10-17 11:55:20,084 [Worker-0] INFO  o.e.m.c.i.embedder.EclipseLogger - Using 'UTF-8' encoding to copy filtered resources.
2017-10-17 11:55:20,084 [Worker-0] INFO  o.e.m.c.i.embedder.EclipseLogger - skip non existing resourceDirectory E:\xiangtoneWork\NGameSvr\NGameSvr\src\test\resources
2017-10-17 11:56:16,486 [Worker-12] INFO  o.e.m.c.i.embedder.EclipseLogger - Using 'UTF-8' encoding to copy filtered resources.
2017-10-17 11:56:16,486 [Worker-12] INFO  o.e.m.c.i.embedder.EclipseLogger - skip non existing resourceDirectory E:\xiangtoneWork\NGameSvr\NGameSvr\src\main\resources
2017-10-17 11:56:16,487 [Worker-12] INFO  o.e.m.c.i.embedder.EclipseLogger - Using 'UTF-8' encoding to copy filtered resources.
2017-10-17 11:56:16,488 [Worker-12] INFO  o.e.m.c.i.embedder.EclipseLogger - skip non existing resourceDirectory E:\xiangtoneWork\NGameSvr\NGameSvr\src\test\resources
2017-10-17 11:56:28,601 [Worker-9] INFO  o.e.m.c.i.embedder.EclipseLogger - Using 'UTF-8' encoding to copy filtered resources.
2017-10-17 11:56:28,601 [Worker-9] INFO  o.e.m.c.i.embedder.EclipseLogger - skip non existing resourceDirectory E:\xiangtoneWork\NGameSvr\NGameSvr\src\main\resources
2017-10-17 11:56:28,602 [Worker-9] INFO  o.e.m.c.i.embedder.EclipseLogger - Using 'UTF-8' encoding to copy filtered resources.
2017-10-17 11:56:28,602 [Worker-9] INFO  o.e.m.c.i.embedder.EclipseLogger - skip non existing resourceDirectory E:\xiangtoneWork\NGameSvr\NGameSvr\src\test\resources
2017-10-17 11:57:23,876 [Worker-9] INFO  o.e.m.c.i.embedder.EclipseLogger - Using 'UTF-8' encoding to copy filtered resources.
2017-10-17 11:57:23,876 [Worker-9] INFO  o.e.m.c.i.embedder.EclipseLogger - skip non existing resourceDirectory E:\xiangtoneWork\NGameSvr\NGameSvr\src\main\resources
2017-10-17 11:57:23,877 [Worker-9] INFO  o.e.m.c.i.embedder.EclipseLogger - Using 'UTF-8' encoding to copy filtered resources.
2017-10-17 11:57:23,877 [Worker-9] INFO  o.e.m.c.i.embedder.EclipseLogger - skip non existing resourceDirectory E:\xiangtoneWork\NGameSvr\NGameSvr\src\test\resources
2017-10-17 11:57:49,233 [Worker-17] INFO  o.e.m.c.i.l.LifecycleMappingFactory - Using org.eclipse.m2e.jdt.JarLifecycleMapping lifecycle mapping for MavenProject: NGameSvr:NGameSvr:0.0.1-SNAPSHOT @ E:\xiangtoneWork\NGameSvr\NGameSvr\pom.xml.
2017-10-17 11:57:49,873 [Worker-17] INFO  o.e.m.c.i.embedder.EclipseLogger - Using 'UTF-8' encoding to copy filtered resources.
2017-10-17 11:57:49,873 [Worker-17] INFO  o.e.m.c.i.embedder.EclipseLogger - skip non existing resourceDirectory E:\xiangtoneWork\NGameSvr\NGameSvr\src\main\resources
2017-10-17 11:57:49,875 [Worker-17] INFO  o.e.m.c.i.embedder.EclipseLogger - Using 'UTF-8' encoding to copy filtered resources.
2017-10-17 11:57:49,875 [Worker-17] INFO  o.e.m.c.i.embedder.EclipseLogger - skip non existing resourceDirectory E:\xiangtoneWork\NGameSvr\NGameSvr\src\test\resources
